<?xml version="1.0" encoding="UTF-8"?>
<Site BuildName="(empty)"
	BuildStamp="20240812-2327-Experimental"
	Name="ws1-w"
	Generator="ctest-3.16.3"
	CompilerName="/usr/bin/g++"
	CompilerVersion="9.4.0"
	OSName="Linux"
	Hostname="ws1-w"
	OSRelease="5.10.102.1-microsoft-standard-WSL2"
	OSVersion="#1 SMP Wed Mar 2 00:30:59 UTC 2022"
	OSPlatform="x86_64"
	Is64Bits="1"
	VendorString="GenuineIntel"
	VendorID="Intel Corporation"
	FamilyID="6"
	ModelID="165"
	ProcessorCacheSize="20480"
	NumberOfLogicalCPU="20"
	NumberOfPhysicalCPU="10"
	TotalVirtualMemory="4096"
	TotalPhysicalMemory="15867"
	LogicalProcessorsPerPhysical="2"
	ProcessorClockFrequency="3696.01"
	>
	<Testing>
		<StartDateTime>Aug 12 17:27 MDT</StartDateTime>
		<StartTestTime>1723505261</StartTestTime>
		<TestList/>
		<EndDateTime>Aug 12 17:27 MDT</EndDateTime>
		<EndTestTime>1723505261</EndTestTime>
		<ElapsedMinutes>0</ElapsedMinutes>
	</Testing>
</Site>
